<?xml version="1.0" encoding="UTF-8"?>\n<testsuites>\n  <testsuite name="Apix Cache Unit Tests" tests="65" assertions="115" failures="0" errors="0" time="0.440908">\n    <testsuite name="Apix\\Cache\\ApcTest" file="ApcTest.php" tests="17" assertions="52" failures="0" errors="0" time="0.171252">\n      <testcase name="testComplyWithApc" class="Apix\\Cache\\ApcTest" file="ApcTest.php" line="48" assertions="2" time="0.04"/>\n      <testcase name="testDeleteInexistantReturnsFalse" class="Apix\\Cache\\ApcTest" file="ApcTest.php" line="130" assertions="1" time="0.05"/>\n    </testsuite>\n    <testsuite name="Apix\\Cache\\Serializer\\IgbinaryTest" file="IgbinaryTest.php" tests="0" assertions="0" failures="0" errors="0" time="0.000000">\n      <testsuite name="Apix\\Cache\\Serializer\\IgbinaryTest::testSerialize" tests="0" assertions="0" failures="0" errors="0" time="0.000000">\n        <testcase name="skippedtestCase" time="0.02"> \n          <skipped/>\n        </testcase>\n      </testsuite>\n      <testsuite name="Apix\\Cache\\Serializer\\IgbinaryTest::testIsSerialized" tests="0" assertions="0" failures="0" errors="0" time="0.000000"/>\n    </testsuite>\n    <testsuite name="Apix\\Cache\\Serializer\\JsonTest" file="/home/shippable/workspace/src/github.com/vidyar/apix-cache/src/tests/Apix/Cache/Serializer/JsonTest.php" tests="12" assertions="16" failures="0" errors="0" time="0.059918">\n      <testsuite name="Apix\\Cache\\Serializer\\JsonTest::testSerialize" tests="4" assertions="4" failures="0" errors="0" time="0.024535">\n        <testcase name="testSerialize with data set #0" assertions="1" time="0.06"/>\n        <testcase name="testSerialize with data set #3" assertions="1" time="0.07"/>\n      </testsuite>\n      <testsuite name="Apix\\Cache\\Serializer\\JsonTest::testIsSerialized" tests="4" assertions="8" failures="0" errors="0" time="0.010847">\n        <testcase name="testIsSerialized with data set #0" assertions="2" time="0.08"/>\n        <testcase name="testIsSerialized with data set #3" assertions="2" time="0.09"/>\n      </testsuite>\n    </testsuite>\n    <testsuite name="Apix\\Cache\\Serializer\\StringsetTest" file="/home/shippable/workspace/src/github.com/vidyar/apix-cache/src/tests/Apix/Cache/Serializer/StringsetTest.php" tests="12" assertions="19" failures="0" errors="0" time="0.091041">\n      <testsuite name="Apix\\Cache\\Serializer\\StringsetTest::testSerialize" tests="5" assertions="5" failures="0" errors="0" time="0.030966">\n        <testcase name="testSerialize with data set #0" assertions="1" time="0.10"/>\n        <testcase name="testSerialize with data set #3" assertions="1" time="0.11"/>\n        <testcase name="testSerialize with data set #4" assertions="1" time="0.12"/>\n        <testcase name="testWithCall" class="ServiceContainerTest" file="/home/shippable/workspace/src/github.com/shippabletest/hiro/tests/ServiceContainerTest.php" line="13" assertions="2" time="0.02">\n          <failure type="PHPUnit_Framework_ExpectationFailedException">ServiceContainerTest::testWithCall\n            Failed asserting that two strings are equal.\n            --- Expected\n            +++ Actual\n            @@ @@\n            -'value'\n            +'wrongvalue'\n\n            /home/shippable/workspace/src/github.com/shippabletest/hiro/tests/ServiceContainerTest.php:23\n          </failure>\n        </testcase>\n      </testsuite>\n    </testsuite>\n  </testsuite>\n</testsuites>